<?xml version="1.0" encoding="UTF-8"?>
<!-- Generated by org.testng.reporters.JUnitReportReporter -->
<testsuite skipped="0" hostname="acer-PC" name="TestPage.HomePageTest" tests="4" failures="0" timestamp="23 Apr 2020 11:14:19 GMT" time="23.585" errors="0">
  <testcase name="VerifyTShirtsTab" time="5.233" classname="TestPage.HomePageTest"/>
  <testcase name="VerifyNewsLetter" time="5.299" classname="TestPage.HomePageTest"/>
  <testcase name="VerifyWomenTab" time="5.170" classname="TestPage.HomePageTest"/>
  <testcase name="VerifyDressesTab" time="7.883" classname="TestPage.HomePageTest"/>
</testsuite> <!-- TestPage.HomePageTest -->
