<?xml version="1.0" encoding="UTF-8"?>
<!-- Generated by org.testng.reporters.JUnitReportReporter -->
<testsuite hostname="acer-PC" name="TestPage.HomePageTest" tests="4" failures="0" timestamp="23 Apr 2020 13:34:51 GMT" time="14.811" errors="0">
  <testcase name="VerifyDressesTab" time="2.849" classname="TestPage.HomePageTest"/>
  <testcase name="VerifyNewsLetter" time="5.502" classname="TestPage.HomePageTest"/>
  <testcase name="VerifyWomenTab" time="4.132" classname="TestPage.HomePageTest"/>
  <testcase name="VerifyTShirtsTab" time="2.328" classname="TestPage.HomePageTest"/>
</testsuite> <!-- TestPage.HomePageTest -->
